{"level":"info","message":"Using Redis mock implementation","metadata":{"timestamp":"2025-03-08T15:03:42.231Z"}}
{"level":"info","message":"Graph Client初期化成功","metadata":{"context":"GraphPermissionService","timestamp":"2025-03-08T15:03:42.237Z"}}
{"level":"info","message":"WebSocket server initialized","metadata":{"context":"WebSocketHandler","path":"/ws","timestamp":"2025-03-08T15:03:42.248Z"}}
{"level":"error","message":"Error","metadata":{"context":{"context":"AuditLogService","message":"監査ログテーブルの初期化に失敗しました"},"error":{"message":"SQLITE_ERROR: no such column: type","name":"Error","stack":"Error: SQLITE_ERROR: no such column: type\n--> in Database#run('\\n' +\n  '        CREATE INDEX IF NOT EXISTS idx_audit_logs_type ON audit_logs(type)\\n' +\n  '      ', [], [Function (anonymous)])\n    at C:\\kitting\\ITManagementSystem\\03_実装\\it-ops-system\\backend\\dist\\services\\sqliteService.js:139:21\n    at new Promise (<anonymous>)\n    at SQLiteService.run (C:\\kitting\\ITManagementSystem\\03_実装\\it-ops-system\\backend\\dist\\services\\sqliteService.js:134:16)\n    at AuditLogService.initializeDatabase (C:\\kitting\\ITManagementSystem\\03_実装\\it-ops-system\\backend\\dist\\services\\auditLogService.js:53:31)"},"timestamp":"2025-03-08T15:03:42.261Z","type":"error"}}
{"level":"info","message":"データベーステーブル初期化成功","metadata":{"context":"GraphPermissionService","timestamp":"2025-03-08T15:03:42.262Z"}}
{"level":"info","message":"Migration: 権限監査ログテーブルが作成されました","metadata":{"timestamp":"2025-03-08T15:03:42.264Z"}}
{"level":"info","message":"マイグレーションが正常に実行されました","metadata":{"timestamp":"2025-03-08T15:03:42.264Z"}}
{"level":"info","message":"Using Redis mock implementation","metadata":{"timestamp":"2025-03-08T15:11:07.967Z"}}
{"level":"info","message":"Graph Client初期化成功","metadata":{"context":"GraphPermissionService","timestamp":"2025-03-08T15:11:07.974Z"}}
{"level":"info","message":"WebSocket server initialized","metadata":{"context":"WebSocketHandler","path":"/ws","timestamp":"2025-03-08T15:11:07.986Z"}}
{"level":"error","message":"Error","metadata":{"context":{"context":"AuditLogService","message":"監査ログテーブルの初期化に失敗しました"},"error":{"message":"SQLITE_ERROR: no such column: type","name":"Error","stack":"Error: SQLITE_ERROR: no such column: type\n--> in Database#run('\\n' +\n  '        CREATE INDEX IF NOT EXISTS idx_audit_logs_type ON audit_logs(type)\\n' +\n  '      ', [], [Function (anonymous)])\n    at C:\\kitting\\ITManagementSystem\\03_実装\\it-ops-system\\backend\\dist\\services\\sqliteService.js:139:21\n    at new Promise (<anonymous>)\n    at SQLiteService.run (C:\\kitting\\ITManagementSystem\\03_実装\\it-ops-system\\backend\\dist\\services\\sqliteService.js:134:16)\n    at AuditLogService.initializeDatabase (C:\\kitting\\ITManagementSystem\\03_実装\\it-ops-system\\backend\\dist\\services\\auditLogService.js:53:31)"},"timestamp":"2025-03-08T15:11:07.999Z","type":"error"}}
{"level":"info","message":"データベーステーブル初期化成功","metadata":{"context":"GraphPermissionService","timestamp":"2025-03-08T15:11:08.002Z"}}
{"level":"info","message":"Migration: 権限監査ログテーブルが作成されました","metadata":{"timestamp":"2025-03-08T15:11:08.003Z"}}
{"level":"info","message":"マイグレーションが正常に実行されました","metadata":{"timestamp":"2025-03-08T15:11:08.004Z"}}
{"level":"info","message":"Using Redis mock implementation","metadata":{"timestamp":"2025-03-08T15:32:38.186Z"}}
{"level":"info","message":"Graph Client初期化成功","metadata":{"context":"GraphPermissionService","timestamp":"2025-03-08T15:32:38.198Z"}}
{"level":"info","message":"WebSocket server initialized","metadata":{"context":"WebSocketHandler","path":"/ws","timestamp":"2025-03-08T15:32:38.213Z"}}
{"level":"error","message":"Error","metadata":{"context":{"context":"AuditLogService","message":"監査ログテーブルの初期化に失敗しました"},"error":{"message":"SQLITE_ERROR: no such column: type","name":"Error","stack":"Error: SQLITE_ERROR: no such column: type\n--> in Database#run('\\n' +\n  '        CREATE INDEX IF NOT EXISTS idx_audit_logs_type ON audit_logs(type)\\n' +\n  '      ', [], [Function (anonymous)])\n    at C:\\kitting\\ITManagementSystem\\03_実装\\it-ops-system\\backend\\dist\\services\\sqliteService.js:139:21\n    at new Promise (<anonymous>)\n    at SQLiteService.run (C:\\kitting\\ITManagementSystem\\03_実装\\it-ops-system\\backend\\dist\\services\\sqliteService.js:134:16)\n    at AuditLogService.initializeDatabase (C:\\kitting\\ITManagementSystem\\03_実装\\it-ops-system\\backend\\dist\\services\\auditLogService.js:53:31)"},"timestamp":"2025-03-08T15:32:38.227Z","type":"error"}}
{"level":"info","message":"データベーステーブル初期化成功","metadata":{"context":"GraphPermissionService","timestamp":"2025-03-08T15:32:38.229Z"}}
{"level":"info","message":"Migration: 権限監査ログテーブルが作成されました","metadata":{"timestamp":"2025-03-08T15:32:38.230Z"}}
{"level":"info","message":"マイグレーションが正常に実行されました","metadata":{"timestamp":"2025-03-08T15:32:38.231Z"}}
{"level":"info","message":"Using Redis mock implementation","metadata":{"timestamp":"2025-03-08T15:47:01.963Z"}}
{"level":"info","message":"Graph Client初期化成功","metadata":{"context":"GraphPermissionService","timestamp":"2025-03-08T15:47:02.005Z"}}
{"level":"info","message":"WebSocket server initialized","metadata":{"context":"WebSocketHandler","path":"/ws","timestamp":"2025-03-08T15:47:02.057Z"}}
{"level":"error","message":"Error","metadata":{"context":{"context":"AuditLogService","message":"監査ログテーブルの初期化に失敗しました"},"error":{"message":"SQLITE_ERROR: no such column: type","name":"Error","stack":"Error: SQLITE_ERROR: no such column: type\n--> in Database#run('\\n' +\n  '        CREATE INDEX IF NOT EXISTS idx_audit_logs_type ON audit_logs(type)\\n' +\n  '      ', [], [Function (anonymous)])\n    at C:\\kitting\\ITManagementSystem\\03_実装\\it-ops-system\\backend\\dist\\services\\sqliteService.js:139:21\n    at new Promise (<anonymous>)\n    at SQLiteService.run (C:\\kitting\\ITManagementSystem\\03_実装\\it-ops-system\\backend\\dist\\services\\sqliteService.js:134:16)\n    at AuditLogService.initializeDatabase (C:\\kitting\\ITManagementSystem\\03_実装\\it-ops-system\\backend\\dist\\services\\auditLogService.js:53:31)"},"timestamp":"2025-03-08T15:47:02.068Z","type":"error"}}
{"level":"info","message":"データベーステーブル初期化成功","metadata":{"context":"GraphPermissionService","timestamp":"2025-03-08T15:47:02.069Z"}}
{"level":"info","message":"Migration: 権限監査ログテーブルが作成されました","metadata":{"timestamp":"2025-03-08T15:47:02.070Z"}}
{"level":"info","message":"マイグレーションが正常に実行されました","metadata":{"timestamp":"2025-03-08T15:47:02.071Z"}}
{"level":"info","message":"audit_logsテーブルにtypeカラムが存在しないため、追加します","metadata":{"context":"Migration","timestamp":"2025-03-08T15:52:52.852Z"}}
{"level":"info","message":"typeカラムの追加が完了しました","metadata":{"context":"Migration","timestamp":"2025-03-08T15:52:52.875Z"}}
{"level":"info","message":"マイグレーションが正常に完了しました","metadata":{"context":"Migration","timestamp":"2025-03-08T15:52:52.886Z"}}
{"level":"info","message":"Using Redis mock implementation","metadata":{"timestamp":"2025-03-08T15:57:06.827Z"}}
{"level":"info","message":"Graph Client初期化成功","metadata":{"context":"GraphPermissionService","timestamp":"2025-03-08T15:57:06.833Z"}}
{"level":"info","message":"WebSocket server initialized","metadata":{"context":"WebSocketHandler","path":"/ws","timestamp":"2025-03-08T15:57:06.844Z"}}
{"level":"info","message":"Migration: 権限監査ログテーブルが作成されました","metadata":{"timestamp":"2025-03-08T15:57:06.890Z"}}
{"level":"info","message":"マイグレーションが正常に実行されました","metadata":{"timestamp":"2025-03-08T15:57:06.891Z"}}
{"level":"info","message":"データベーステーブル初期化成功","metadata":{"context":"GraphPermissionService","timestamp":"2025-03-08T15:57:06.892Z"}}
